[2024-10-01T09:47:03.171-0400] {local_task_job_runner.py:123} INFO - ::group::Pre task execution logs
[2024-10-01T09:47:03.175-0400] {taskinstance.py:2612} INFO - Dependencies all met for dep_context=non-requeueable deps ti=<TaskInstance: tutorial.templated scheduled__2024-09-30T00:00:00+00:00 [queued]>
[2024-10-01T09:47:03.177-0400] {taskinstance.py:2612} INFO - Dependencies all met for dep_context=requeueable deps ti=<TaskInstance: tutorial.templated scheduled__2024-09-30T00:00:00+00:00 [queued]>
[2024-10-01T09:47:03.177-0400] {taskinstance.py:2865} INFO - Starting attempt 1 of 2
[2024-10-01T09:47:03.181-0400] {taskinstance.py:2888} INFO - Executing <Task(BashOperator): templated> on 2024-09-30 00:00:00+00:00
[2024-10-01T09:47:03.187-0400] {logging_mixin.py:190} WARNING - /Users/forrest.murray/Documents/devel/dbx-airflow/.venv/lib/python3.12/site-packages/airflow/task/task_runner/standard_task_runner.py:70 DeprecationWarning: This process (pid=25053) is multi-threaded, use of fork() may lead to deadlocks in the child.
[2024-10-01T09:47:03.188-0400] {standard_task_runner.py:72} INFO - Started process 25276 to run task
[2024-10-01T09:47:03.187-0400] {standard_task_runner.py:104} INFO - Running: ['airflow', 'tasks', 'run', 'tutorial', 'templated', 'scheduled__2024-09-30T00:00:00+00:00', '--job-id', '8', '--raw', '--subdir', '/Users/forrest.murray/Documents/devel/dbx-airflow/.venv/lib/python3.12/site-packages/airflow/example_dags/tutorial.py', '--cfg-path', '/var/folders/rh/d1q87pv57wqfxv9nymwnbjf00000gp/T/tmp6gosi4is']
[2024-10-01T09:47:03.188-0400] {standard_task_runner.py:105} INFO - Job 8: Subtask templated
[2024-10-01T09:47:03.207-0400] {task_command.py:467} INFO - Running <TaskInstance: tutorial.templated scheduled__2024-09-30T00:00:00+00:00 [running]> on host NCG73W5RF9
[2024-10-01T09:47:03.232-0400] {taskinstance.py:3131} INFO - Exporting env vars: AIRFLOW_CTX_DAG_EMAIL='airflow@example.com' AIRFLOW_CTX_DAG_OWNER='airflow' AIRFLOW_CTX_DAG_ID='tutorial' AIRFLOW_CTX_TASK_ID='templated' AIRFLOW_CTX_EXECUTION_DATE='2024-09-30T00:00:00+00:00' AIRFLOW_CTX_TRY_NUMBER='1' AIRFLOW_CTX_DAG_RUN_ID='scheduled__2024-09-30T00:00:00+00:00'
[2024-10-01T09:47:03.233-0400] {logging_mixin.py:190} INFO - Task instance is in running state
[2024-10-01T09:47:03.234-0400] {logging_mixin.py:190} INFO -  Previous state of the Task instance: queued
[2024-10-01T09:47:03.235-0400] {logging_mixin.py:190} INFO - Current task name:templated state:running start_date:2024-10-01 13:47:03.176019+00:00
[2024-10-01T09:47:03.236-0400] {logging_mixin.py:190} INFO - Dag name:tutorial and current dag run status:running
[2024-10-01T09:47:03.237-0400] {taskinstance.py:731} INFO - ::endgroup::
[2024-10-01T09:47:03.238-0400] {subprocess.py:63} INFO - Tmp dir root location: /var/folders/rh/d1q87pv57wqfxv9nymwnbjf00000gp/T
[2024-10-01T09:47:03.239-0400] {subprocess.py:75} INFO - Running command: ['/bin/bash', '-c', '\n\n    echo "2024-09-30"\n    echo "2024-10-07"\n\n    echo "2024-09-30"\n    echo "2024-10-07"\n\n    echo "2024-09-30"\n    echo "2024-10-07"\n\n    echo "2024-09-30"\n    echo "2024-10-07"\n\n    echo "2024-09-30"\n    echo "2024-10-07"\n']
[2024-10-01T09:47:03.244-0400] {subprocess.py:86} INFO - Output:
[2024-10-01T09:47:03.249-0400] {subprocess.py:93} INFO - 2024-09-30
[2024-10-01T09:47:03.250-0400] {subprocess.py:93} INFO - 2024-10-07
[2024-10-01T09:47:03.251-0400] {subprocess.py:93} INFO - 2024-09-30
[2024-10-01T09:47:03.252-0400] {subprocess.py:93} INFO - 2024-10-07
[2024-10-01T09:47:03.253-0400] {subprocess.py:93} INFO - 2024-09-30
[2024-10-01T09:47:03.253-0400] {subprocess.py:93} INFO - 2024-10-07
[2024-10-01T09:47:03.254-0400] {subprocess.py:93} INFO - 2024-09-30
[2024-10-01T09:47:03.255-0400] {subprocess.py:93} INFO - 2024-10-07
[2024-10-01T09:47:03.255-0400] {subprocess.py:93} INFO - 2024-09-30
[2024-10-01T09:47:03.255-0400] {subprocess.py:93} INFO - 2024-10-07
[2024-10-01T09:47:03.256-0400] {subprocess.py:97} INFO - Command exited with return code 0
[2024-10-01T09:47:03.264-0400] {taskinstance.py:340} INFO - ::group::Post task execution logs
[2024-10-01T09:47:03.265-0400] {taskinstance.py:352} INFO - Marking task as SUCCESS. dag_id=tutorial, task_id=templated, run_id=scheduled__2024-09-30T00:00:00+00:00, execution_date=20240930T000000, start_date=20241001T134703, end_date=20241001T134703
[2024-10-01T09:47:03.268-0400] {logging_mixin.py:190} INFO - Task instance in success state
[2024-10-01T09:47:03.269-0400] {logging_mixin.py:190} INFO -  Previous state of the Task instance: running
[2024-10-01T09:47:03.269-0400] {logging_mixin.py:190} INFO - Dag name:tutorial queued_at:2024-10-01 13:46:50.760068+00:00
[2024-10-01T09:47:03.270-0400] {logging_mixin.py:190} INFO - Task hostname:NCG73W5RF9 operator:BashOperator
[2024-10-01T09:47:03.295-0400] {local_task_job_runner.py:266} INFO - Task exited with return code 0
[2024-10-01T09:47:03.300-0400] {taskinstance.py:3900} INFO - 0 downstream tasks scheduled from follow-on schedule check
[2024-10-01T09:47:03.301-0400] {local_task_job_runner.py:245} INFO - ::endgroup::
