[2024-10-01T09:47:04.902-0400] {local_task_job_runner.py:123} INFO - ::group::Pre task execution logs
[2024-10-01T09:47:04.907-0400] {taskinstance.py:2612} INFO - Dependencies all met for dep_context=non-requeueable deps ti=<TaskInstance: tutorial.sleep manual__2024-10-01T13:44:39.994952+00:00 [queued]>
[2024-10-01T09:47:04.909-0400] {taskinstance.py:2612} INFO - Dependencies all met for dep_context=requeueable deps ti=<TaskInstance: tutorial.sleep manual__2024-10-01T13:44:39.994952+00:00 [queued]>
[2024-10-01T09:47:04.909-0400] {taskinstance.py:2865} INFO - Starting attempt 1 of 4
[2024-10-01T09:47:04.912-0400] {taskinstance.py:2888} INFO - Executing <Task(BashOperator): sleep> on 2024-10-01 13:44:39.994952+00:00
[2024-10-01T09:47:04.919-0400] {logging_mixin.py:190} WARNING - /Users/forrest.murray/Documents/devel/dbx-airflow/.venv/lib/python3.12/site-packages/airflow/task/task_runner/standard_task_runner.py:70 DeprecationWarning: This process (pid=25357) is multi-threaded, use of fork() may lead to deadlocks in the child.
[2024-10-01T09:47:04.919-0400] {standard_task_runner.py:72} INFO - Started process 25482 to run task
[2024-10-01T09:47:04.918-0400] {standard_task_runner.py:104} INFO - Running: ['airflow', 'tasks', 'run', 'tutorial', 'sleep', 'manual__2024-10-01T13:44:39.994952+00:00', '--job-id', '9', '--raw', '--subdir', '/Users/forrest.murray/Documents/devel/dbx-airflow/.venv/lib/python3.12/site-packages/airflow/example_dags/tutorial.py', '--cfg-path', '/var/folders/rh/d1q87pv57wqfxv9nymwnbjf00000gp/T/tmp8v_a7hgr']
[2024-10-01T09:47:04.920-0400] {standard_task_runner.py:105} INFO - Job 9: Subtask sleep
[2024-10-01T09:47:04.946-0400] {task_command.py:467} INFO - Running <TaskInstance: tutorial.sleep manual__2024-10-01T13:44:39.994952+00:00 [running]> on host NCG73W5RF9
[2024-10-01T09:47:04.970-0400] {taskinstance.py:3131} INFO - Exporting env vars: AIRFLOW_CTX_DAG_EMAIL='airflow@example.com' AIRFLOW_CTX_DAG_OWNER='airflow' AIRFLOW_CTX_DAG_ID='tutorial' AIRFLOW_CTX_TASK_ID='sleep' AIRFLOW_CTX_EXECUTION_DATE='2024-10-01T13:44:39.994952+00:00' AIRFLOW_CTX_TRY_NUMBER='1' AIRFLOW_CTX_DAG_RUN_ID='manual__2024-10-01T13:44:39.994952+00:00'
[2024-10-01T09:47:04.972-0400] {logging_mixin.py:190} INFO - Task instance is in running state
[2024-10-01T09:47:04.973-0400] {logging_mixin.py:190} INFO -  Previous state of the Task instance: queued
[2024-10-01T09:47:04.974-0400] {logging_mixin.py:190} INFO - Current task name:sleep state:running start_date:2024-10-01 13:47:04.907233+00:00
[2024-10-01T09:47:04.975-0400] {logging_mixin.py:190} INFO - Dag name:tutorial and current dag run status:running
[2024-10-01T09:47:04.976-0400] {taskinstance.py:731} INFO - ::endgroup::
[2024-10-01T09:47:04.978-0400] {subprocess.py:63} INFO - Tmp dir root location: /var/folders/rh/d1q87pv57wqfxv9nymwnbjf00000gp/T
[2024-10-01T09:47:04.979-0400] {subprocess.py:75} INFO - Running command: ['/bin/bash', '-c', 'sleep 5']
[2024-10-01T09:47:04.983-0400] {subprocess.py:86} INFO - Output:
[2024-10-01T09:47:09.995-0400] {subprocess.py:97} INFO - Command exited with return code 0
[2024-10-01T09:47:10.012-0400] {taskinstance.py:340} INFO - ::group::Post task execution logs
[2024-10-01T09:47:10.016-0400] {taskinstance.py:352} INFO - Marking task as SUCCESS. dag_id=tutorial, task_id=sleep, run_id=manual__2024-10-01T13:44:39.994952+00:00, execution_date=20241001T134439, start_date=20241001T134704, end_date=20241001T134710
[2024-10-01T09:47:10.022-0400] {logging_mixin.py:190} INFO - Task instance in success state
[2024-10-01T09:47:10.023-0400] {logging_mixin.py:190} INFO -  Previous state of the Task instance: running
[2024-10-01T09:47:10.025-0400] {logging_mixin.py:190} INFO - Dag name:tutorial queued_at:2024-10-01 13:44:40.013698+00:00
[2024-10-01T09:47:10.026-0400] {logging_mixin.py:190} INFO - Task hostname:NCG73W5RF9 operator:BashOperator
[2024-10-01T09:47:10.041-0400] {local_task_job_runner.py:266} INFO - Task exited with return code 0
[2024-10-01T09:47:10.050-0400] {taskinstance.py:3900} INFO - 0 downstream tasks scheduled from follow-on schedule check
[2024-10-01T09:47:10.050-0400] {local_task_job_runner.py:245} INFO - ::endgroup::
