[2024-10-01T09:46:56.421-0400] {local_task_job_runner.py:123} INFO - ::group::Pre task execution logs
[2024-10-01T09:46:56.425-0400] {taskinstance.py:2612} INFO - Dependencies all met for dep_context=non-requeueable deps ti=<TaskInstance: tutorial.sleep scheduled__2024-09-30T00:00:00+00:00 [queued]>
[2024-10-01T09:46:56.427-0400] {taskinstance.py:2612} INFO - Dependencies all met for dep_context=requeueable deps ti=<TaskInstance: tutorial.sleep scheduled__2024-09-30T00:00:00+00:00 [queued]>
[2024-10-01T09:46:56.427-0400] {taskinstance.py:2865} INFO - Starting attempt 1 of 4
[2024-10-01T09:46:56.431-0400] {taskinstance.py:2888} INFO - Executing <Task(BashOperator): sleep> on 2024-09-30 00:00:00+00:00
[2024-10-01T09:46:56.437-0400] {logging_mixin.py:190} WARNING - /Users/forrest.murray/Documents/devel/dbx-airflow/.venv/lib/python3.12/site-packages/airflow/task/task_runner/standard_task_runner.py:70 DeprecationWarning: This process (pid=24390) is multi-threaded, use of fork() may lead to deadlocks in the child.
[2024-10-01T09:46:56.437-0400] {standard_task_runner.py:72} INFO - Started process 24509 to run task
[2024-10-01T09:46:56.437-0400] {standard_task_runner.py:104} INFO - Running: ['airflow', 'tasks', 'run', 'tutorial', 'sleep', 'scheduled__2024-09-30T00:00:00+00:00', '--job-id', '7', '--raw', '--subdir', '/Users/forrest.murray/Documents/devel/dbx-airflow/.venv/lib/python3.12/site-packages/airflow/example_dags/tutorial.py', '--cfg-path', '/var/folders/rh/d1q87pv57wqfxv9nymwnbjf00000gp/T/tmpe1atgu9y']
[2024-10-01T09:46:56.439-0400] {standard_task_runner.py:105} INFO - Job 7: Subtask sleep
[2024-10-01T09:46:56.460-0400] {task_command.py:467} INFO - Running <TaskInstance: tutorial.sleep scheduled__2024-09-30T00:00:00+00:00 [running]> on host NCG73W5RF9
[2024-10-01T09:46:56.486-0400] {taskinstance.py:3131} INFO - Exporting env vars: AIRFLOW_CTX_DAG_EMAIL='airflow@example.com' AIRFLOW_CTX_DAG_OWNER='airflow' AIRFLOW_CTX_DAG_ID='tutorial' AIRFLOW_CTX_TASK_ID='sleep' AIRFLOW_CTX_EXECUTION_DATE='2024-09-30T00:00:00+00:00' AIRFLOW_CTX_TRY_NUMBER='1' AIRFLOW_CTX_DAG_RUN_ID='scheduled__2024-09-30T00:00:00+00:00'
[2024-10-01T09:46:56.487-0400] {logging_mixin.py:190} INFO - Task instance is in running state
[2024-10-01T09:46:56.488-0400] {logging_mixin.py:190} INFO -  Previous state of the Task instance: queued
[2024-10-01T09:46:56.489-0400] {logging_mixin.py:190} INFO - Current task name:sleep state:running start_date:2024-10-01 13:46:56.425741+00:00
[2024-10-01T09:46:56.490-0400] {logging_mixin.py:190} INFO - Dag name:tutorial and current dag run status:running
[2024-10-01T09:46:56.491-0400] {taskinstance.py:731} INFO - ::endgroup::
[2024-10-01T09:46:56.493-0400] {subprocess.py:63} INFO - Tmp dir root location: /var/folders/rh/d1q87pv57wqfxv9nymwnbjf00000gp/T
[2024-10-01T09:46:56.494-0400] {subprocess.py:75} INFO - Running command: ['/bin/bash', '-c', 'sleep 5']
[2024-10-01T09:46:56.499-0400] {subprocess.py:86} INFO - Output:
[2024-10-01T09:47:01.514-0400] {subprocess.py:97} INFO - Command exited with return code 0
[2024-10-01T09:47:01.535-0400] {taskinstance.py:340} INFO - ::group::Post task execution logs
[2024-10-01T09:47:01.541-0400] {taskinstance.py:352} INFO - Marking task as SUCCESS. dag_id=tutorial, task_id=sleep, run_id=scheduled__2024-09-30T00:00:00+00:00, execution_date=20240930T000000, start_date=20241001T134656, end_date=20241001T134701
[2024-10-01T09:47:01.549-0400] {logging_mixin.py:190} INFO - Task instance in success state
[2024-10-01T09:47:01.551-0400] {logging_mixin.py:190} INFO -  Previous state of the Task instance: running
[2024-10-01T09:47:01.553-0400] {logging_mixin.py:190} INFO - Dag name:tutorial queued_at:2024-10-01 13:46:50.760068+00:00
[2024-10-01T09:47:01.555-0400] {logging_mixin.py:190} INFO - Task hostname:NCG73W5RF9 operator:BashOperator
[2024-10-01T09:47:01.602-0400] {local_task_job_runner.py:266} INFO - Task exited with return code 0
[2024-10-01T09:47:01.612-0400] {taskinstance.py:3900} INFO - 0 downstream tasks scheduled from follow-on schedule check
[2024-10-01T09:47:01.613-0400] {local_task_job_runner.py:245} INFO - ::endgroup::
