[2024-10-01T20:00:05.380-0400] {local_task_job_runner.py:123} INFO - ::group::Pre task execution logs
[2024-10-01T20:00:05.383-0400] {taskinstance.py:2612} INFO - Dependencies all met for dep_context=non-requeueable deps ti=<TaskInstance: tutorial.sleep scheduled__2024-10-01T00:00:00+00:00 [queued]>
[2024-10-01T20:00:05.385-0400] {taskinstance.py:2612} INFO - Dependencies all met for dep_context=requeueable deps ti=<TaskInstance: tutorial.sleep scheduled__2024-10-01T00:00:00+00:00 [queued]>
[2024-10-01T20:00:05.385-0400] {taskinstance.py:2865} INFO - Starting attempt 1 of 4
[2024-10-01T20:00:05.389-0400] {taskinstance.py:2888} INFO - Executing <Task(BashOperator): sleep> on 2024-10-01 00:00:00+00:00
[2024-10-01T20:00:05.396-0400] {logging_mixin.py:190} WARNING - /Users/forrest.murray/Documents/devel/dbx-airflow/.venv/lib/python3.12/site-packages/airflow/task/task_runner/standard_task_runner.py:70 DeprecationWarning: This process (pid=23356) is multi-threaded, use of fork() may lead to deadlocks in the child.
[2024-10-01T20:00:05.397-0400] {standard_task_runner.py:72} INFO - Started process 23513 to run task
[2024-10-01T20:00:05.396-0400] {standard_task_runner.py:104} INFO - Running: ['airflow', 'tasks', 'run', 'tutorial', 'sleep', 'scheduled__2024-10-01T00:00:00+00:00', '--job-id', '12', '--raw', '--subdir', '/Users/forrest.murray/Documents/devel/dbx-airflow/.venv/lib/python3.12/site-packages/airflow/example_dags/tutorial.py', '--cfg-path', '/var/folders/rh/d1q87pv57wqfxv9nymwnbjf00000gp/T/tmpurzo_15t']
[2024-10-01T20:00:05.397-0400] {standard_task_runner.py:105} INFO - Job 12: Subtask sleep
[2024-10-01T20:00:05.418-0400] {task_command.py:467} INFO - Running <TaskInstance: tutorial.sleep scheduled__2024-10-01T00:00:00+00:00 [running]> on host NCG73W5RF9
[2024-10-01T20:00:05.444-0400] {taskinstance.py:3131} INFO - Exporting env vars: AIRFLOW_CTX_DAG_EMAIL='airflow@example.com' AIRFLOW_CTX_DAG_OWNER='airflow' AIRFLOW_CTX_DAG_ID='tutorial' AIRFLOW_CTX_TASK_ID='sleep' AIRFLOW_CTX_EXECUTION_DATE='2024-10-01T00:00:00+00:00' AIRFLOW_CTX_TRY_NUMBER='1' AIRFLOW_CTX_DAG_RUN_ID='scheduled__2024-10-01T00:00:00+00:00'
[2024-10-01T20:00:05.445-0400] {logging_mixin.py:190} INFO - Task instance is in running state
[2024-10-01T20:00:05.446-0400] {logging_mixin.py:190} INFO -  Previous state of the Task instance: queued
[2024-10-01T20:00:05.447-0400] {logging_mixin.py:190} INFO - Current task name:sleep state:running start_date:2024-10-02 00:00:05.383852+00:00
[2024-10-01T20:00:05.448-0400] {logging_mixin.py:190} INFO - Dag name:tutorial and current dag run status:running
[2024-10-01T20:00:05.448-0400] {taskinstance.py:731} INFO - ::endgroup::
[2024-10-01T20:00:05.449-0400] {subprocess.py:63} INFO - Tmp dir root location: /var/folders/rh/d1q87pv57wqfxv9nymwnbjf00000gp/T
[2024-10-01T20:00:05.450-0400] {subprocess.py:75} INFO - Running command: ['/bin/bash', '-c', 'sleep 5']
[2024-10-01T20:00:05.454-0400] {subprocess.py:86} INFO - Output:
[2024-10-01T20:00:10.466-0400] {subprocess.py:97} INFO - Command exited with return code 0
[2024-10-01T20:00:10.488-0400] {taskinstance.py:340} INFO - ::group::Post task execution logs
[2024-10-01T20:00:10.494-0400] {taskinstance.py:352} INFO - Marking task as SUCCESS. dag_id=tutorial, task_id=sleep, run_id=scheduled__2024-10-01T00:00:00+00:00, execution_date=20241001T000000, start_date=20241002T000005, end_date=20241002T000010
[2024-10-01T20:00:10.501-0400] {logging_mixin.py:190} INFO - Task instance in success state
[2024-10-01T20:00:10.503-0400] {logging_mixin.py:190} INFO -  Previous state of the Task instance: running
[2024-10-01T20:00:10.505-0400] {logging_mixin.py:190} INFO - Dag name:tutorial queued_at:2024-10-02 00:00:01.571394+00:00
[2024-10-01T20:00:10.507-0400] {logging_mixin.py:190} INFO - Task hostname:NCG73W5RF9 operator:BashOperator
[2024-10-01T20:00:10.541-0400] {local_task_job_runner.py:266} INFO - Task exited with return code 0
[2024-10-01T20:00:10.548-0400] {taskinstance.py:3900} INFO - 0 downstream tasks scheduled from follow-on schedule check
[2024-10-01T20:00:10.548-0400] {local_task_job_runner.py:245} INFO - ::endgroup::
