[2024-10-01T20:00:02.931-0400] {local_task_job_runner.py:123} INFO - ::group::Pre task execution logs
[2024-10-01T20:00:02.934-0400] {taskinstance.py:2612} INFO - Dependencies all met for dep_context=non-requeueable deps ti=<TaskInstance: tutorial.print_date scheduled__2024-10-01T00:00:00+00:00 [queued]>
[2024-10-01T20:00:02.936-0400] {taskinstance.py:2612} INFO - Dependencies all met for dep_context=requeueable deps ti=<TaskInstance: tutorial.print_date scheduled__2024-10-01T00:00:00+00:00 [queued]>
[2024-10-01T20:00:02.936-0400] {taskinstance.py:2865} INFO - Starting attempt 1 of 2
[2024-10-01T20:00:02.940-0400] {taskinstance.py:2888} INFO - Executing <Task(BashOperator): print_date> on 2024-10-01 00:00:00+00:00
[2024-10-01T20:00:02.946-0400] {logging_mixin.py:190} WARNING - /Users/forrest.murray/Documents/devel/dbx-airflow/.venv/lib/python3.12/site-packages/airflow/task/task_runner/standard_task_runner.py:70 DeprecationWarning: This process (pid=23099) is multi-threaded, use of fork() may lead to deadlocks in the child.
[2024-10-01T20:00:02.946-0400] {standard_task_runner.py:72} INFO - Started process 23234 to run task
[2024-10-01T20:00:02.946-0400] {standard_task_runner.py:104} INFO - Running: ['airflow', 'tasks', 'run', 'tutorial', 'print_date', 'scheduled__2024-10-01T00:00:00+00:00', '--job-id', '11', '--raw', '--subdir', '/Users/forrest.murray/Documents/devel/dbx-airflow/.venv/lib/python3.12/site-packages/airflow/example_dags/tutorial.py', '--cfg-path', '/var/folders/rh/d1q87pv57wqfxv9nymwnbjf00000gp/T/tmp8whyq_xv']
[2024-10-01T20:00:02.947-0400] {standard_task_runner.py:105} INFO - Job 11: Subtask print_date
[2024-10-01T20:00:02.969-0400] {task_command.py:467} INFO - Running <TaskInstance: tutorial.print_date scheduled__2024-10-01T00:00:00+00:00 [running]> on host NCG73W5RF9
[2024-10-01T20:00:02.998-0400] {taskinstance.py:3131} INFO - Exporting env vars: AIRFLOW_CTX_DAG_EMAIL='airflow@example.com' AIRFLOW_CTX_DAG_OWNER='airflow' AIRFLOW_CTX_DAG_ID='tutorial' AIRFLOW_CTX_TASK_ID='print_date' AIRFLOW_CTX_EXECUTION_DATE='2024-10-01T00:00:00+00:00' AIRFLOW_CTX_TRY_NUMBER='1' AIRFLOW_CTX_DAG_RUN_ID='scheduled__2024-10-01T00:00:00+00:00'
[2024-10-01T20:00:03.000-0400] {logging_mixin.py:190} INFO - Task instance is in running state
[2024-10-01T20:00:03.001-0400] {logging_mixin.py:190} INFO -  Previous state of the Task instance: queued
[2024-10-01T20:00:03.002-0400] {logging_mixin.py:190} INFO - Current task name:print_date state:running start_date:2024-10-02 00:00:02.934641+00:00
[2024-10-01T20:00:03.003-0400] {logging_mixin.py:190} INFO - Dag name:tutorial and current dag run status:running
[2024-10-01T20:00:03.004-0400] {taskinstance.py:731} INFO - ::endgroup::
[2024-10-01T20:00:03.008-0400] {subprocess.py:63} INFO - Tmp dir root location: /var/folders/rh/d1q87pv57wqfxv9nymwnbjf00000gp/T
[2024-10-01T20:00:03.009-0400] {subprocess.py:75} INFO - Running command: ['/bin/bash', '-c', 'date']
[2024-10-01T20:00:03.013-0400] {subprocess.py:86} INFO - Output:
[2024-10-01T20:00:03.022-0400] {subprocess.py:93} INFO - Tue Oct  1 20:00:03 EDT 2024
[2024-10-01T20:00:03.023-0400] {subprocess.py:97} INFO - Command exited with return code 0
[2024-10-01T20:00:03.031-0400] {taskinstance.py:340} INFO - ::group::Post task execution logs
[2024-10-01T20:00:03.033-0400] {taskinstance.py:352} INFO - Marking task as SUCCESS. dag_id=tutorial, task_id=print_date, run_id=scheduled__2024-10-01T00:00:00+00:00, execution_date=20241001T000000, start_date=20241002T000002, end_date=20241002T000003
[2024-10-01T20:00:03.037-0400] {logging_mixin.py:190} INFO - Task instance in success state
[2024-10-01T20:00:03.038-0400] {logging_mixin.py:190} INFO -  Previous state of the Task instance: running
[2024-10-01T20:00:03.038-0400] {logging_mixin.py:190} INFO - Dag name:tutorial queued_at:2024-10-02 00:00:01.571394+00:00
[2024-10-01T20:00:03.039-0400] {logging_mixin.py:190} INFO - Task hostname:NCG73W5RF9 operator:BashOperator
[2024-10-01T20:00:03.062-0400] {local_task_job_runner.py:266} INFO - Task exited with return code 0
[2024-10-01T20:00:03.070-0400] {taskinstance.py:3900} INFO - 2 downstream tasks scheduled from follow-on schedule check
[2024-10-01T20:00:03.071-0400] {local_task_job_runner.py:245} INFO - ::endgroup::
