[2024-10-01T20:00:11.983-0400] {local_task_job_runner.py:123} INFO - ::group::Pre task execution logs
[2024-10-01T20:00:11.987-0400] {taskinstance.py:2612} INFO - Dependencies all met for dep_context=non-requeueable deps ti=<TaskInstance: tutorial.templated scheduled__2024-10-01T00:00:00+00:00 [queued]>
[2024-10-01T20:00:11.989-0400] {taskinstance.py:2612} INFO - Dependencies all met for dep_context=requeueable deps ti=<TaskInstance: tutorial.templated scheduled__2024-10-01T00:00:00+00:00 [queued]>
[2024-10-01T20:00:11.989-0400] {taskinstance.py:2865} INFO - Starting attempt 1 of 2
[2024-10-01T20:00:11.993-0400] {taskinstance.py:2888} INFO - Executing <Task(BashOperator): templated> on 2024-10-01 00:00:00+00:00
[2024-10-01T20:00:11.998-0400] {logging_mixin.py:190} WARNING - /Users/forrest.murray/Documents/devel/dbx-airflow/.venv/lib/python3.12/site-packages/airflow/task/task_runner/standard_task_runner.py:70 DeprecationWarning: This process (pid=24047) is multi-threaded, use of fork() may lead to deadlocks in the child.
[2024-10-01T20:00:11.999-0400] {standard_task_runner.py:72} INFO - Started process 24163 to run task
[2024-10-01T20:00:11.998-0400] {standard_task_runner.py:104} INFO - Running: ['airflow', 'tasks', 'run', 'tutorial', 'templated', 'scheduled__2024-10-01T00:00:00+00:00', '--job-id', '13', '--raw', '--subdir', '/Users/forrest.murray/Documents/devel/dbx-airflow/.venv/lib/python3.12/site-packages/airflow/example_dags/tutorial.py', '--cfg-path', '/var/folders/rh/d1q87pv57wqfxv9nymwnbjf00000gp/T/tmpo17h6pw4']
[2024-10-01T20:00:12.000-0400] {standard_task_runner.py:105} INFO - Job 13: Subtask templated
[2024-10-01T20:00:12.020-0400] {task_command.py:467} INFO - Running <TaskInstance: tutorial.templated scheduled__2024-10-01T00:00:00+00:00 [running]> on host NCG73W5RF9
[2024-10-01T20:00:12.048-0400] {taskinstance.py:3131} INFO - Exporting env vars: AIRFLOW_CTX_DAG_EMAIL='airflow@example.com' AIRFLOW_CTX_DAG_OWNER='airflow' AIRFLOW_CTX_DAG_ID='tutorial' AIRFLOW_CTX_TASK_ID='templated' AIRFLOW_CTX_EXECUTION_DATE='2024-10-01T00:00:00+00:00' AIRFLOW_CTX_TRY_NUMBER='1' AIRFLOW_CTX_DAG_RUN_ID='scheduled__2024-10-01T00:00:00+00:00'
[2024-10-01T20:00:12.050-0400] {logging_mixin.py:190} INFO - Task instance is in running state
[2024-10-01T20:00:12.051-0400] {logging_mixin.py:190} INFO -  Previous state of the Task instance: queued
[2024-10-01T20:00:12.052-0400] {logging_mixin.py:190} INFO - Current task name:templated state:running start_date:2024-10-02 00:00:11.987597+00:00
[2024-10-01T20:00:12.053-0400] {logging_mixin.py:190} INFO - Dag name:tutorial and current dag run status:running
[2024-10-01T20:00:12.054-0400] {taskinstance.py:731} INFO - ::endgroup::
[2024-10-01T20:00:12.055-0400] {subprocess.py:63} INFO - Tmp dir root location: /var/folders/rh/d1q87pv57wqfxv9nymwnbjf00000gp/T
[2024-10-01T20:00:12.056-0400] {subprocess.py:75} INFO - Running command: ['/bin/bash', '-c', '\n\n    echo "2024-10-01"\n    echo "2024-10-08"\n\n    echo "2024-10-01"\n    echo "2024-10-08"\n\n    echo "2024-10-01"\n    echo "2024-10-08"\n\n    echo "2024-10-01"\n    echo "2024-10-08"\n\n    echo "2024-10-01"\n    echo "2024-10-08"\n']
[2024-10-01T20:00:12.060-0400] {subprocess.py:86} INFO - Output:
[2024-10-01T20:00:12.067-0400] {subprocess.py:93} INFO - 2024-10-01
[2024-10-01T20:00:12.068-0400] {subprocess.py:93} INFO - 2024-10-08
[2024-10-01T20:00:12.069-0400] {subprocess.py:93} INFO - 2024-10-01
[2024-10-01T20:00:12.070-0400] {subprocess.py:93} INFO - 2024-10-08
[2024-10-01T20:00:12.072-0400] {subprocess.py:93} INFO - 2024-10-01
[2024-10-01T20:00:12.073-0400] {subprocess.py:93} INFO - 2024-10-08
[2024-10-01T20:00:12.074-0400] {subprocess.py:93} INFO - 2024-10-01
[2024-10-01T20:00:12.075-0400] {subprocess.py:93} INFO - 2024-10-08
[2024-10-01T20:00:12.076-0400] {subprocess.py:93} INFO - 2024-10-01
[2024-10-01T20:00:12.077-0400] {subprocess.py:93} INFO - 2024-10-08
[2024-10-01T20:00:12.078-0400] {subprocess.py:97} INFO - Command exited with return code 0
[2024-10-01T20:00:12.086-0400] {taskinstance.py:340} INFO - ::group::Post task execution logs
[2024-10-01T20:00:12.089-0400] {taskinstance.py:352} INFO - Marking task as SUCCESS. dag_id=tutorial, task_id=templated, run_id=scheduled__2024-10-01T00:00:00+00:00, execution_date=20241001T000000, start_date=20241002T000011, end_date=20241002T000012
[2024-10-01T20:00:12.092-0400] {logging_mixin.py:190} INFO - Task instance in success state
[2024-10-01T20:00:12.093-0400] {logging_mixin.py:190} INFO -  Previous state of the Task instance: running
[2024-10-01T20:00:12.094-0400] {logging_mixin.py:190} INFO - Dag name:tutorial queued_at:2024-10-02 00:00:01.571394+00:00
[2024-10-01T20:00:12.095-0400] {logging_mixin.py:190} INFO - Task hostname:NCG73W5RF9 operator:BashOperator
[2024-10-01T20:00:12.119-0400] {local_task_job_runner.py:266} INFO - Task exited with return code 0
[2024-10-01T20:00:12.125-0400] {taskinstance.py:3900} INFO - 0 downstream tasks scheduled from follow-on schedule check
[2024-10-01T20:00:12.125-0400] {local_task_job_runner.py:245} INFO - ::endgroup::
