[2024-10-01T09:46:52.052-0400] {local_task_job_runner.py:123} INFO - ::group::Pre task execution logs
[2024-10-01T09:46:52.056-0400] {taskinstance.py:2612} INFO - Dependencies all met for dep_context=non-requeueable deps ti=<TaskInstance: tutorial.print_date scheduled__2024-09-30T00:00:00+00:00 [queued]>
[2024-10-01T09:46:52.057-0400] {taskinstance.py:2612} INFO - Dependencies all met for dep_context=requeueable deps ti=<TaskInstance: tutorial.print_date scheduled__2024-09-30T00:00:00+00:00 [queued]>
[2024-10-01T09:46:52.057-0400] {taskinstance.py:2865} INFO - Starting attempt 1 of 2
[2024-10-01T09:46:52.061-0400] {taskinstance.py:2888} INFO - Executing <Task(BashOperator): print_date> on 2024-09-30 00:00:00+00:00
[2024-10-01T09:46:52.067-0400] {logging_mixin.py:190} WARNING - /Users/forrest.murray/Documents/devel/dbx-airflow/.venv/lib/python3.12/site-packages/airflow/task/task_runner/standard_task_runner.py:70 DeprecationWarning: This process (pid=23916) is multi-threaded, use of fork() may lead to deadlocks in the child.
[2024-10-01T09:46:52.068-0400] {standard_task_runner.py:72} INFO - Started process 24032 to run task
[2024-10-01T09:46:52.067-0400] {standard_task_runner.py:104} INFO - Running: ['airflow', 'tasks', 'run', 'tutorial', 'print_date', 'scheduled__2024-09-30T00:00:00+00:00', '--job-id', '5', '--raw', '--subdir', '/Users/forrest.murray/Documents/devel/dbx-airflow/.venv/lib/python3.12/site-packages/airflow/example_dags/tutorial.py', '--cfg-path', '/var/folders/rh/d1q87pv57wqfxv9nymwnbjf00000gp/T/tmp7cwgkjxm']
[2024-10-01T09:46:52.068-0400] {standard_task_runner.py:105} INFO - Job 5: Subtask print_date
[2024-10-01T09:46:52.092-0400] {task_command.py:467} INFO - Running <TaskInstance: tutorial.print_date scheduled__2024-09-30T00:00:00+00:00 [running]> on host NCG73W5RF9
[2024-10-01T09:46:52.117-0400] {taskinstance.py:3131} INFO - Exporting env vars: AIRFLOW_CTX_DAG_EMAIL='airflow@example.com' AIRFLOW_CTX_DAG_OWNER='airflow' AIRFLOW_CTX_DAG_ID='tutorial' AIRFLOW_CTX_TASK_ID='print_date' AIRFLOW_CTX_EXECUTION_DATE='2024-09-30T00:00:00+00:00' AIRFLOW_CTX_TRY_NUMBER='1' AIRFLOW_CTX_DAG_RUN_ID='scheduled__2024-09-30T00:00:00+00:00'
[2024-10-01T09:46:52.119-0400] {logging_mixin.py:190} INFO - Task instance is in running state
[2024-10-01T09:46:52.120-0400] {logging_mixin.py:190} INFO -  Previous state of the Task instance: queued
[2024-10-01T09:46:52.121-0400] {logging_mixin.py:190} INFO - Current task name:print_date state:running start_date:2024-10-01 13:46:52.056345+00:00
[2024-10-01T09:46:52.122-0400] {logging_mixin.py:190} INFO - Dag name:tutorial and current dag run status:running
[2024-10-01T09:46:52.123-0400] {taskinstance.py:731} INFO - ::endgroup::
[2024-10-01T09:46:52.124-0400] {subprocess.py:63} INFO - Tmp dir root location: /var/folders/rh/d1q87pv57wqfxv9nymwnbjf00000gp/T
[2024-10-01T09:46:52.126-0400] {subprocess.py:75} INFO - Running command: ['/bin/bash', '-c', 'date']
[2024-10-01T09:46:52.130-0400] {subprocess.py:86} INFO - Output:
[2024-10-01T09:46:52.142-0400] {subprocess.py:93} INFO - Tue Oct  1 09:46:52 EDT 2024
[2024-10-01T09:46:52.143-0400] {subprocess.py:97} INFO - Command exited with return code 0
[2024-10-01T09:46:52.151-0400] {taskinstance.py:340} INFO - ::group::Post task execution logs
[2024-10-01T09:46:52.154-0400] {taskinstance.py:352} INFO - Marking task as SUCCESS. dag_id=tutorial, task_id=print_date, run_id=scheduled__2024-09-30T00:00:00+00:00, execution_date=20240930T000000, start_date=20241001T134652, end_date=20241001T134652
[2024-10-01T09:46:52.157-0400] {logging_mixin.py:190} INFO - Task instance in success state
[2024-10-01T09:46:52.159-0400] {logging_mixin.py:190} INFO -  Previous state of the Task instance: running
[2024-10-01T09:46:52.160-0400] {logging_mixin.py:190} INFO - Dag name:tutorial queued_at:2024-10-01 13:46:50.760068+00:00
[2024-10-01T09:46:52.161-0400] {logging_mixin.py:190} INFO - Task hostname:NCG73W5RF9 operator:BashOperator
[2024-10-01T09:46:52.173-0400] {local_task_job_runner.py:266} INFO - Task exited with return code 0
[2024-10-01T09:46:52.181-0400] {taskinstance.py:3900} INFO - 2 downstream tasks scheduled from follow-on schedule check
[2024-10-01T09:46:52.182-0400] {local_task_job_runner.py:245} INFO - ::endgroup::
